This file contains any messages produced by compilers while
running configure, to aid debugging if configure makes a mistake.

It was created by tesseract configure 3.02, which was
generated by GNU Autoconf 2.59.  Invocation command line was

  $ ./configure LIBLEPT_HEADERSDIR=/gpfs/home/wjb19/work/fig2xml/figstuff/src/ocropus-0.4/leptonica-1.68/include/leptonica --prefix=/gpfs/home/wjb19/work/fig2xml/figstuff/src/ocropus-0.4/tesseract-ocr LDFLAGS=-L/gpfs/home/wjb19/work/fig2xml/figstuff/src/ocropus-0.4/leptonica-1.68/lib

## --------- ##
## Platform. ##
## --------- ##

hostname = lionxf.rcc.psu.edu
uname -m = x86_64
uname -r = 2.6.18-274.7.1.el5
uname -s = Linux
uname -v = #1 SMP Mon Oct 17 11:57:14 EDT 2011

/usr/bin/uname -p = unknown
/bin/uname -X     = unknown

/bin/arch              = x86_64
/usr/bin/arch -k       = unknown
/usr/convex/getsysinfo = unknown
hostinfo               = unknown
/bin/machine           = unknown
/usr/bin/oslevel       = unknown
/bin/universe          = unknown

PATH: /usr/global/cloog-ppl/0.15.9/bin
PATH: /usr/global/ppl/0.10.2/bin
PATH: /usr/global/gcc/4.5.1/bin
PATH: /gpfs/home/wjb19/work/figstuff/src/ocropus-0.4/leptonica-1.68/bin
PATH: /usr/lib64/qt-3.3/bin
PATH: /usr/global/pgi/pgi-10.9/linux86-64/10.9/bin
PATH: /usr/global/intel/Compiler/11.1/073/bin/intel64
PATH: /usr/global/java/jdk1.6.0_20/bin
PATH: /usr/global/realvnc/4.5r21561
PATH: /usr/global/bin
PATH: /usr/local/moab/bin
PATH: /usr/lpp/mmfs/bin
PATH: /usr/local/bin
PATH: /bin
PATH: /usr/bin
PATH: /usr/bin
PATH: /usr/kerberos/bin
PATH: /gpfs/home/wjb19/bin


## ----------- ##
## Core tests. ##
## ----------- ##

configure:1579: checking build system type
configure:1597: result: x86_64-redhat-linux-gnu
configure:1605: checking host system type
configure:1619: result: x86_64-redhat-linux-gnu
configure:1710: checking --enable-graphics argument
configure:1719: result: yes
configure:1730: checking --enable-embedded argument
configure:1739: result: no
configure:1762: checking --enable-visibility argument
configure:1771: result: no
configure:1785: checking --enable-multiple-libraries argument
configure:1794: result: no
configure:1906: checking for cl.exe
configure:1935: result: no
configure:1906: checking for g++
configure:1922: found /usr/global/gcc/4.5.1/bin/g++
configure:1932: result: g++
configure:1948: checking for C++ compiler version
configure:1951: g++ --version </dev/null >&5
g++ (GCC) 4.5.1
Copyright (C) 2010 Free Software Foundation, Inc.
This is free software; see the source for copying conditions.  There is NO
warranty; not even for MERCHANTABILITY or FITNESS FOR A PARTICULAR PURPOSE.

configure:1954: $? = 0
configure:1956: g++ -v </dev/null >&5
Using built-in specs.
COLLECT_GCC=g++
COLLECT_LTO_WRAPPER=/gpfs/apps/x86_64-rhel5/gcc/4.5.1/bin/../libexec/gcc/x86_64-unknown-linux-gnu/4.5.1/lto-wrapper
Target: x86_64-unknown-linux-gnu
Configured with: ../gcc-4.5.1/configure --prefix=/usr/global/gcc/4.5.1 --with-mpc=/usr/global/mpc/0.8.1 --with-mpfr=/usr/global/mpfr/2.4.2 --with-gmp=/usr/global/gmp/5.0.1 --with-ppl=/usr/global/ppl/0.10.2 --with-cloog=/usr/global/cloog-ppl/0.15.9 --disable-multilib
Thread model: posix
gcc version 4.5.1 (GCC) 
configure:1959: $? = 0
configure:1961: g++ -V </dev/null >&5
g++: '-V' option must have argument
configure:1964: $? = 1
configure:1987: checking for C++ compiler default output file name
configure:1990: g++   -L/gpfs/home/wjb19/work/fig2xml/figstuff/src/ocropus-0.4/leptonica-1.68/lib conftest.cc  >&5
configure:1993: $? = 0
configure:2039: result: a.out
configure:2044: checking whether the C++ compiler works
configure:2050: ./a.out
configure:2053: $? = 0
configure:2070: result: yes
configure:2077: checking whether we are cross compiling
configure:2079: result: no
configure:2082: checking for suffix of executables
configure:2084: g++ -o conftest   -L/gpfs/home/wjb19/work/fig2xml/figstuff/src/ocropus-0.4/leptonica-1.68/lib conftest.cc  >&5
configure:2087: $? = 0
configure:2112: result: 
configure:2118: checking for suffix of object files
configure:2139: g++ -c   conftest.cc >&5
configure:2142: $? = 0
configure:2164: result: o
configure:2168: checking whether we are using the GNU C++ compiler
configure:2192: g++ -c   conftest.cc >&5
configure:2198: $? = 0
configure:2202: test -z 
			 || test ! -s conftest.err
configure:2205: $? = 0
configure:2208: test -s conftest.o
configure:2211: $? = 0
configure:2224: result: yes
configure:2230: checking whether g++ accepts -g
configure:2251: g++ -c -g  conftest.cc >&5
configure:2257: $? = 0
configure:2261: test -z 
			 || test ! -s conftest.err
configure:2264: $? = 0
configure:2267: test -s conftest.o
configure:2270: $? = 0
configure:2281: result: yes
configure:2323: g++ -c -g -O2  conftest.cc >&5
configure:2329: $? = 0
configure:2333: test -z 
			 || test ! -s conftest.err
configure:2336: $? = 0
configure:2339: test -s conftest.o
configure:2342: $? = 0
configure:2368: g++ -c -g -O2  conftest.cc >&5
conftest.cc: In function 'int main()':
conftest.cc:17:9: error: 'exit' was not declared in this scope
configure:2374: $? = 1
configure: failed program was:
| /* confdefs.h.  */
| 
| #define PACKAGE_NAME "tesseract"
| #define PACKAGE_TARNAME "tesseract"
| #define PACKAGE_VERSION "3.02"
| #define PACKAGE_STRING "tesseract 3.02"
| #define PACKAGE_BUGREPORT "http://code.google.com/p/tesseract-ocr/issues/list"
| #define PACKAGE_NAME "tesseract"
| #define PACKAGE_VERSION "3.02"
| #define PACKAGE_YEAR "2012"
| #define PACKAGE_DATE "02/01"
| /* end confdefs.h.  */
| 
| int
| main ()
| {
| exit (42);
|   ;
|   return 0;
| }
configure:2323: g++ -c -g -O2  conftest.cc >&5
conftest.cc:13:40: error: 'void std::exit(int)' should have been declared inside 'std'
configure:2329: $? = 1
configure: failed program was:
| /* confdefs.h.  */
| 
| #define PACKAGE_NAME "tesseract"
| #define PACKAGE_TARNAME "tesseract"
| #define PACKAGE_VERSION "3.02"
| #define PACKAGE_STRING "tesseract 3.02"
| #define PACKAGE_BUGREPORT "http://code.google.com/p/tesseract-ocr/issues/list"
| #define PACKAGE_NAME "tesseract"
| #define PACKAGE_VERSION "3.02"
| #define PACKAGE_YEAR "2012"
| #define PACKAGE_DATE "02/01"
| /* end confdefs.h.  */
| extern "C" void std::exit (int) throw (); using std::exit;
| #include <stdlib.h>
| int
| main ()
| {
| exit (42);
|   ;
|   return 0;
| }
configure:2323: g++ -c -g -O2  conftest.cc >&5
conftest.cc:13:31: error: 'void std::exit(int)' should have been declared inside 'std'
In file included from conftest.cc:14:0:
/usr/include/stdlib.h:646:70: error: declaration of 'void std::exit(int) throw ()' throws different exceptions
conftest.cc:13:17: error: from previous declaration 'void std::exit(int)'
configure:2329: $? = 1
configure: failed program was:
| /* confdefs.h.  */
| 
| #define PACKAGE_NAME "tesseract"
| #define PACKAGE_TARNAME "tesseract"
| #define PACKAGE_VERSION "3.02"
| #define PACKAGE_STRING "tesseract 3.02"
| #define PACKAGE_BUGREPORT "http://code.google.com/p/tesseract-ocr/issues/list"
| #define PACKAGE_NAME "tesseract"
| #define PACKAGE_VERSION "3.02"
| #define PACKAGE_YEAR "2012"
| #define PACKAGE_DATE "02/01"
| /* end confdefs.h.  */
| extern "C" void std::exit (int); using std::exit;
| #include <stdlib.h>
| int
| main ()
| {
| exit (42);
|   ;
|   return 0;
| }
configure:2323: g++ -c -g -O2  conftest.cc >&5
configure:2329: $? = 0
configure:2333: test -z 
			 || test ! -s conftest.err
configure:2336: $? = 0
configure:2339: test -s conftest.o
configure:2342: $? = 0
configure:2368: g++ -c -g -O2  conftest.cc >&5
configure:2374: $? = 0
configure:2378: test -z 
			 || test ! -s conftest.err
configure:2381: $? = 0
configure:2384: test -s conftest.o
configure:2387: $? = 0
configure:2531: checking for gcc
configure:2547: found /usr/global/gcc/4.5.1/bin/gcc
configure:2557: result: gcc
configure:2801: checking for C compiler version
configure:2804: gcc --version </dev/null >&5
gcc (GCC) 4.5.1
Copyright (C) 2010 Free Software Foundation, Inc.
This is free software; see the source for copying conditions.  There is NO
warranty; not even for MERCHANTABILITY or FITNESS FOR A PARTICULAR PURPOSE.

configure:2807: $? = 0
configure:2809: gcc -v </dev/null >&5
Using built-in specs.
COLLECT_GCC=gcc
COLLECT_LTO_WRAPPER=/gpfs/apps/x86_64-rhel5/gcc/4.5.1/bin/../libexec/gcc/x86_64-unknown-linux-gnu/4.5.1/lto-wrapper
Target: x86_64-unknown-linux-gnu
Configured with: ../gcc-4.5.1/configure --prefix=/usr/global/gcc/4.5.1 --with-mpc=/usr/global/mpc/0.8.1 --with-mpfr=/usr/global/mpfr/2.4.2 --with-gmp=/usr/global/gmp/5.0.1 --with-ppl=/usr/global/ppl/0.10.2 --with-cloog=/usr/global/cloog-ppl/0.15.9 --disable-multilib
Thread model: posix
gcc version 4.5.1 (GCC) 
configure:2812: $? = 0
configure:2814: gcc -V </dev/null >&5
gcc: '-V' option must have argument
configure:2817: $? = 1
configure:2820: checking whether we are using the GNU C compiler
configure:2844: gcc -c   conftest.c >&5
configure:2850: $? = 0
configure:2854: test -z 
			 || test ! -s conftest.err
configure:2857: $? = 0
configure:2860: test -s conftest.o
configure:2863: $? = 0
configure:2876: result: yes
configure:2882: checking whether gcc accepts -g
configure:2903: gcc -c -g  conftest.c >&5
configure:2909: $? = 0
configure:2913: test -z 
			 || test ! -s conftest.err
configure:2916: $? = 0
configure:2919: test -s conftest.o
configure:2922: $? = 0
configure:2933: result: yes
configure:2950: checking for gcc option to accept ANSI C
configure:3020: gcc  -c -g -O2  conftest.c >&5
configure:3026: $? = 0
configure:3030: test -z 
			 || test ! -s conftest.err
configure:3033: $? = 0
configure:3036: test -s conftest.o
configure:3039: $? = 0
configure:3057: result: none needed
configure:3075: gcc -c -g -O2  conftest.c >&5
conftest.c:2:9: error: expected '=', ',', ';', 'asm' or '__attribute__' before 'me'
configure:3081: $? = 1
configure: failed program was:
| #ifndef __cplusplus
|   choke me
| #endif
configure:3214: checking for a sed that does not truncate output
configure:3270: result: /bin/sed
configure:3273: checking for egrep
configure:3283: result: grep -E
configure:3299: checking for ld used by gcc
configure:3366: result: /usr/bin/ld
configure:3375: checking if the linker (/usr/bin/ld) is GNU ld
configure:3390: result: yes
configure:3395: checking for /usr/bin/ld option to reload object files
configure:3402: result: -r
configure:3420: checking for BSD-compatible nm
configure:3469: result: /usr/bin/nm -B
configure:3473: checking whether ln -s works
configure:3477: result: yes
configure:3484: checking how to recognise dependent libraries
configure:3660: result: pass_all
configure:3748: gcc -c -g -O2  conftest.c >&5
configure:3751: $? = 0
configure:3897: checking how to run the C preprocessor
configure:3932: gcc -E  conftest.c
configure:3938: $? = 0
configure:3970: gcc -E  conftest.c
conftest.c:16:28: fatal error: ac_nonexistent.h: No such file or directory
compilation terminated.
configure:3976: $? = 1
configure: failed program was:
| /* confdefs.h.  */
| 
| #define PACKAGE_NAME "tesseract"
| #define PACKAGE_TARNAME "tesseract"
| #define PACKAGE_VERSION "3.02"
| #define PACKAGE_STRING "tesseract 3.02"
| #define PACKAGE_BUGREPORT "http://code.google.com/p/tesseract-ocr/issues/list"
| #define PACKAGE_NAME "tesseract"
| #define PACKAGE_VERSION "3.02"
| #define PACKAGE_YEAR "2012"
| #define PACKAGE_DATE "02/01"
| #ifdef __cplusplus
| extern "C" void exit (int) throw ();
| #endif
| /* end confdefs.h.  */
| #include <ac_nonexistent.h>
configure:4015: result: gcc -E
configure:4039: gcc -E  conftest.c
configure:4045: $? = 0
configure:4077: gcc -E  conftest.c
conftest.c:16:28: fatal error: ac_nonexistent.h: No such file or directory
compilation terminated.
configure:4083: $? = 1
configure: failed program was:
| /* confdefs.h.  */
| 
| #define PACKAGE_NAME "tesseract"
| #define PACKAGE_TARNAME "tesseract"
| #define PACKAGE_VERSION "3.02"
| #define PACKAGE_STRING "tesseract 3.02"
| #define PACKAGE_BUGREPORT "http://code.google.com/p/tesseract-ocr/issues/list"
| #define PACKAGE_NAME "tesseract"
| #define PACKAGE_VERSION "3.02"
| #define PACKAGE_YEAR "2012"
| #define PACKAGE_DATE "02/01"
| #ifdef __cplusplus
| extern "C" void exit (int) throw ();
| #endif
| /* end confdefs.h.  */
| #include <ac_nonexistent.h>
configure:4127: checking for ANSI C header files
configure:4152: gcc -c -g -O2  conftest.c >&5
configure:4158: $? = 0
configure:4162: test -z 
			 || test ! -s conftest.err
configure:4165: $? = 0
configure:4168: test -s conftest.o
configure:4171: $? = 0
configure:4260: gcc -o conftest -g -O2  -L/gpfs/home/wjb19/work/fig2xml/figstuff/src/ocropus-0.4/leptonica-1.68/lib conftest.c  >&5
conftest.c: In function 'main':
conftest.c:33:7: warning: incompatible implicit declaration of built-in function 'exit'
configure:4263: $? = 0
configure:4265: ./conftest
configure:4268: $? = 0
configure:4283: result: yes
configure:4307: checking for sys/types.h
configure:4323: gcc -c -g -O2  conftest.c >&5
configure:4329: $? = 0
configure:4333: test -z 
			 || test ! -s conftest.err
configure:4336: $? = 0
configure:4339: test -s conftest.o
configure:4342: $? = 0
configure:4353: result: yes
configure:4307: checking for sys/stat.h
configure:4323: gcc -c -g -O2  conftest.c >&5
configure:4329: $? = 0
configure:4333: test -z 
			 || test ! -s conftest.err
configure:4336: $? = 0
configure:4339: test -s conftest.o
configure:4342: $? = 0
configure:4353: result: yes
configure:4307: checking for stdlib.h
configure:4323: gcc -c -g -O2  conftest.c >&5
configure:4329: $? = 0
configure:4333: test -z 
			 || test ! -s conftest.err
configure:4336: $? = 0
configure:4339: test -s conftest.o
configure:4342: $? = 0
configure:4353: result: yes
configure:4307: checking for string.h
configure:4323: gcc -c -g -O2  conftest.c >&5
configure:4329: $? = 0
configure:4333: test -z 
			 || test ! -s conftest.err
configure:4336: $? = 0
configure:4339: test -s conftest.o
configure:4342: $? = 0
configure:4353: result: yes
configure:4307: checking for memory.h
configure:4323: gcc -c -g -O2  conftest.c >&5
configure:4329: $? = 0
configure:4333: test -z 
			 || test ! -s conftest.err
configure:4336: $? = 0
configure:4339: test -s conftest.o
configure:4342: $? = 0
configure:4353: result: yes
configure:4307: checking for strings.h
configure:4323: gcc -c -g -O2  conftest.c >&5
configure:4329: $? = 0
configure:4333: test -z 
			 || test ! -s conftest.err
configure:4336: $? = 0
configure:4339: test -s conftest.o
configure:4342: $? = 0
configure:4353: result: yes
configure:4307: checking for inttypes.h
configure:4323: gcc -c -g -O2  conftest.c >&5
configure:4329: $? = 0
configure:4333: test -z 
			 || test ! -s conftest.err
configure:4336: $? = 0
configure:4339: test -s conftest.o
configure:4342: $? = 0
configure:4353: result: yes
configure:4307: checking for stdint.h
configure:4323: gcc -c -g -O2  conftest.c >&5
configure:4329: $? = 0
configure:4333: test -z 
			 || test ! -s conftest.err
configure:4336: $? = 0
configure:4339: test -s conftest.o
configure:4342: $? = 0
configure:4353: result: yes
configure:4307: checking for unistd.h
configure:4323: gcc -c -g -O2  conftest.c >&5
configure:4329: $? = 0
configure:4333: test -z 
			 || test ! -s conftest.err
configure:4336: $? = 0
configure:4339: test -s conftest.o
configure:4342: $? = 0
configure:4353: result: yes
configure:4379: checking dlfcn.h usability
configure:4391: gcc -c -g -O2  conftest.c >&5
configure:4397: $? = 0
configure:4401: test -z 
			 || test ! -s conftest.err
configure:4404: $? = 0
configure:4407: test -s conftest.o
configure:4410: $? = 0
configure:4420: result: yes
configure:4424: checking dlfcn.h presence
configure:4434: gcc -E  conftest.c
configure:4440: $? = 0
configure:4460: result: yes
configure:4495: checking for dlfcn.h
configure:4502: result: yes
configure:4525: checking how to run the C++ preprocessor
configure:4556: g++ -E  conftest.cc
configure:4562: $? = 0
configure:4594: g++ -E  conftest.cc
conftest.cc:27:28: fatal error: ac_nonexistent.h: No such file or directory
compilation terminated.
configure:4600: $? = 1
configure: failed program was:
| /* confdefs.h.  */
| 
| #define PACKAGE_NAME "tesseract"
| #define PACKAGE_TARNAME "tesseract"
| #define PACKAGE_VERSION "3.02"
| #define PACKAGE_STRING "tesseract 3.02"
| #define PACKAGE_BUGREPORT "http://code.google.com/p/tesseract-ocr/issues/list"
| #define PACKAGE_NAME "tesseract"
| #define PACKAGE_VERSION "3.02"
| #define PACKAGE_YEAR "2012"
| #define PACKAGE_DATE "02/01"
| #ifdef __cplusplus
| extern "C" void exit (int) throw ();
| #endif
| #define STDC_HEADERS 1
| #define HAVE_SYS_TYPES_H 1
| #define HAVE_SYS_STAT_H 1
| #define HAVE_STDLIB_H 1
| #define HAVE_STRING_H 1
| #define HAVE_MEMORY_H 1
| #define HAVE_STRINGS_H 1
| #define HAVE_INTTYPES_H 1
| #define HAVE_STDINT_H 1
| #define HAVE_UNISTD_H 1
| #define HAVE_DLFCN_H 1
| /* end confdefs.h.  */
| #include <ac_nonexistent.h>
configure:4639: result: g++ -E
configure:4663: g++ -E  conftest.cc
configure:4669: $? = 0
configure:4701: g++ -E  conftest.cc
conftest.cc:27:28: fatal error: ac_nonexistent.h: No such file or directory
compilation terminated.
configure:4707: $? = 1
configure: failed program was:
| /* confdefs.h.  */
| 
| #define PACKAGE_NAME "tesseract"
| #define PACKAGE_TARNAME "tesseract"
| #define PACKAGE_VERSION "3.02"
| #define PACKAGE_STRING "tesseract 3.02"
| #define PACKAGE_BUGREPORT "http://code.google.com/p/tesseract-ocr/issues/list"
| #define PACKAGE_NAME "tesseract"
| #define PACKAGE_VERSION "3.02"
| #define PACKAGE_YEAR "2012"
| #define PACKAGE_DATE "02/01"
| #ifdef __cplusplus
| extern "C" void exit (int) throw ();
| #endif
| #define STDC_HEADERS 1
| #define HAVE_SYS_TYPES_H 1
| #define HAVE_SYS_STAT_H 1
| #define HAVE_STDLIB_H 1
| #define HAVE_STRING_H 1
| #define HAVE_MEMORY_H 1
| #define HAVE_STRINGS_H 1
| #define HAVE_INTTYPES_H 1
| #define HAVE_STDINT_H 1
| #define HAVE_UNISTD_H 1
| #define HAVE_DLFCN_H 1
| /* end confdefs.h.  */
| #include <ac_nonexistent.h>
configure:4804: checking for g77
configure:4820: found /usr/bin/g77
configure:4830: result: g77
configure:4845: checking for Fortran 77 compiler version
configure:4848: g77 --version </dev/null >&5
GNU Fortran (GCC) 3.4.6 20060404 (Red Hat 3.4.6-4.1)
Copyright (C) 2006 Free Software Foundation, Inc.

GNU Fortran comes with NO WARRANTY, to the extent permitted by law.
You may redistribute copies of GNU Fortran
under the terms of the GNU General Public License.
For more information about these matters, see the file named COPYING
or type the command `info -f g77 Copying'.
configure:4851: $? = 0
configure:4853: g77 -v </dev/null >&5
Reading specs from /usr/lib/gcc/x86_64-redhat-linux/3.4.6/specs
Configured with: ../configure --prefix=/usr --mandir=/usr/share/man --infodir=/usr/share/info --enable-shared --enable-threads=posix --disable-checking --with-system-zlib --enable-__cxa_atexit --disable-libunwind-exceptions --enable-languages=c,c++,f77 --disable-libgcj --host=x86_64-redhat-linux
Thread model: posix
gcc version 3.4.6 20060404 (Red Hat 3.4.6-4.1)
configure:4856: $? = 0
configure:4858: g77 -V </dev/null >&5
g77: `-V' option must have argument
configure:4861: $? = 1
configure:4869: checking whether we are using the GNU Fortran 77 compiler
configure:4883: g77 -c  conftest.F >&5
configure:4889: $? = 0
configure:4893: test -z 
			 || test ! -s conftest.err
configure:4896: $? = 0
configure:4899: test -s conftest.o
configure:4902: $? = 0
configure:4915: result: yes
configure:4921: checking whether g77 accepts -g
configure:4933: g77 -c -g conftest.f >&5
configure:4939: $? = 0
configure:4943: test -z 
			 || test ! -s conftest.err
configure:4946: $? = 0
configure:4949: test -s conftest.o
configure:4952: $? = 0
configure:4964: result: yes
configure:4994: checking the maximum length of command line arguments
configure:5103: result: 32768
configure:5114: checking command to parse /usr/bin/nm -B output from gcc object
configure:5219: gcc -c -g -O2  conftest.c >&5
configure:5222: $? = 0
configure:5226: /usr/bin/nm -B conftest.o \| sed -n -e 's/^.*[ 	]\([ABCDGIRSTW][ABCDGIRSTW]*\)[ 	][ 	]*\([_A-Za-z][_A-Za-z0-9]*\)$/\1 \2 \2/p' \> conftest.nm
configure:5229: $? = 0
configure:5281: gcc -o conftest -g -O2  -L/gpfs/home/wjb19/work/fig2xml/figstuff/src/ocropus-0.4/leptonica-1.68/lib conftest.c conftstm.o >&5
configure:5284: $? = 0
configure:5322: result: ok
configure:5326: checking for objdir
configure:5341: result: .libs
configure:5431: checking for ar
configure:5447: found /usr/bin/ar
configure:5458: result: ar
configure:5511: checking for ranlib
configure:5527: found /usr/bin/ranlib
configure:5538: result: ranlib
configure:5591: checking for strip
configure:5607: found /usr/bin/strip
configure:5618: result: strip
configure:5890: checking if gcc supports -fno-rtti -fno-exceptions
configure:5908: gcc -c -g -O2  -fno-rtti -fno-exceptions conftest.c >&5
cc1: warning: command line option "-fno-rtti" is valid for C++/ObjC++ but not for C
configure:5912: $? = 0
configure:5925: result: no
configure:5940: checking for gcc option to produce PIC
configure:6150: result: -fPIC
configure:6158: checking if gcc PIC flag -fPIC works
configure:6176: gcc -c -g -O2  -fPIC -DPIC conftest.c >&5
configure:6180: $? = 0
configure:6193: result: yes
configure:6221: checking if gcc static flag -static works
configure:6249: result: yes
configure:6259: checking if gcc supports -c -o file.o
configure:6280: gcc -c -g -O2  -o out/conftest2.o conftest.c >&5
configure:6284: $? = 0
configure:6306: result: yes
configure:6332: checking whether the gcc linker (/usr/bin/ld -m elf_x86_64) supports shared libraries
configure:7290: result: yes
configure:7311: checking whether -lc should be explicitly linked in
configure:7316: gcc -c -g -O2  conftest.c >&5
configure:7319: $? = 0
configure:7334: gcc -shared conftest.o  -v -Wl,-soname -Wl,conftest -o conftest 2\>\&1 \| grep  -lc  \>/dev/null 2\>\&1
configure:7337: $? = 0
configure:7349: result: no
configure:7357: checking dynamic linker characteristics
configure:7750: gcc -c -g -O2  conftest.c >&5
configure:7753: $? = 0
configure:7966: result: GNU/Linux ld.so
configure:7975: checking how to hardcode library paths into programs
configure:8000: result: immediate
configure:8014: checking whether stripping libraries is possible
configure:8019: result: yes
configure:8853: checking if libtool supports shared libraries
configure:8855: result: yes
configure:8858: checking whether to build shared libraries
configure:8879: result: yes
configure:8882: checking whether to build static libraries
configure:8886: result: yes
configure:8978: creating libtool
configure:9569: checking for ld used by g++
configure:9636: result: /usr/bin/ld -m elf_x86_64
configure:9645: checking if the linker (/usr/bin/ld -m elf_x86_64) is GNU ld
configure:9660: result: yes
configure:9711: checking whether the g++ linker (/usr/bin/ld -m elf_x86_64) supports shared libraries
configure:10649: result: yes
configure:10667: g++ -c -g -O2  conftest.cpp >&5
configure:10670: $? = 0
configure:10789: checking for g++ option to produce PIC
configure:11063: result: -fPIC
configure:11071: checking if g++ PIC flag -fPIC works
configure:11089: g++ -c -g -O2  -fPIC -DPIC conftest.cpp >&5
configure:11093: $? = 0
configure:11106: result: yes
configure:11134: checking if g++ static flag -static works
configure:11162: result: yes
configure:11172: checking if g++ supports -c -o file.o
configure:11193: g++ -c -g -O2  -o out/conftest2.o conftest.cpp >&5
configure:11197: $? = 0
configure:11219: result: yes
configure:11245: checking whether the g++ linker (/usr/bin/ld -m elf_x86_64) supports shared libraries
configure:11270: result: yes
configure:11337: checking dynamic linker characteristics
configure:11730: g++ -c -g -O2  conftest.cpp >&5
configure:11733: $? = 0
configure:11946: result: GNU/Linux ld.so
configure:11955: checking how to hardcode library paths into programs
configure:11980: result: immediate
configure:12509: checking if libtool supports shared libraries
configure:12511: result: yes
configure:12514: checking whether to build shared libraries
configure:12534: result: yes
configure:12537: checking whether to build static libraries
configure:12541: result: yes
configure:12551: checking for g77 option to produce PIC
configure:12761: result: -fPIC
configure:12769: checking if g77 PIC flag -fPIC works
configure:12787: g77 -c -g -O2 -fPIC conftest.f >&5
configure:12791: $? = 0
configure:12804: result: yes
configure:12832: checking if g77 static flag -static works
configure:12860: result: yes
configure:12870: checking if g77 supports -c -o file.o
configure:12891: g77 -c -g -O2 -o out/conftest2.o conftest.f >&5
configure:12895: $? = 0
configure:12917: result: yes
configure:12943: checking whether the g77 linker (/usr/bin/ld -m elf_x86_64) supports shared libraries
configure:13881: result: yes
configure:13948: checking dynamic linker characteristics
configure:14341: g77 -c -g -O2 conftest.f >&5
configure:14344: $? = 0
configure:14557: result: GNU/Linux ld.so
configure:14566: checking how to hardcode library paths into programs
configure:14591: result: immediate
configure:18207: checking for a BSD-compatible install
configure:18262: result: /usr/bin/install -c
configure:18273: checking whether build environment is sane
configure:18316: result: yes
configure:18381: checking for gawk
configure:18397: found /bin/gawk
configure:18407: result: gawk
configure:18417: checking whether make sets $(MAKE)
configure:18437: result: yes
configure:18467: checking for style of include used by make
configure:18495: result: GNU
configure:18671: checking dependency style of gcc
configure:18761: result: gcc3
configure:18780: checking dependency style of g++
configure:18870: result: gcc3
configure:18891: checking whether to enable maintainer-specific portions of Makefiles
configure:18900: result: no
configure:18933: checking whether byte ordering is bigendian
configure:18960: gcc -c -g -O2  conftest.c >&5
configure:18966: $? = 0
configure:18970: test -z 
			 || test ! -s conftest.err
configure:18973: $? = 0
configure:18976: test -s conftest.o
configure:18979: $? = 0
configure:19003: gcc -c -g -O2  conftest.c >&5
conftest.c: In function 'main':
conftest.c:36:2: error: 'not' undeclared (first use in this function)
conftest.c:36:2: note: each undeclared identifier is reported only once for each function it appears in
conftest.c:36:6: error: expected ';' before 'big'
configure:19009: $? = 1
configure: failed program was:
| /* confdefs.h.  */
| 
| #define PACKAGE_NAME "tesseract"
| #define PACKAGE_TARNAME "tesseract"
| #define PACKAGE_VERSION "3.02"
| #define PACKAGE_STRING "tesseract 3.02"
| #define PACKAGE_BUGREPORT "http://code.google.com/p/tesseract-ocr/issues/list"
| #define PACKAGE_NAME "tesseract"
| #define PACKAGE_VERSION "3.02"
| #define PACKAGE_YEAR "2012"
| #define PACKAGE_DATE "02/01"
| #ifdef __cplusplus
| extern "C" void exit (int) throw ();
| #endif
| #define STDC_HEADERS 1
| #define HAVE_SYS_TYPES_H 1
| #define HAVE_SYS_STAT_H 1
| #define HAVE_STDLIB_H 1
| #define HAVE_STRING_H 1
| #define HAVE_MEMORY_H 1
| #define HAVE_STRINGS_H 1
| #define HAVE_INTTYPES_H 1
| #define HAVE_STDINT_H 1
| #define HAVE_UNISTD_H 1
| #define HAVE_DLFCN_H 1
| #define PACKAGE "tesseract"
| #define VERSION "3.02"
| /* end confdefs.h.  */
| #include <sys/types.h>
| #include <sys/param.h>
| 
| int
| main ()
| {
| #if BYTE_ORDER != BIG_ENDIAN
|  not big endian
| #endif
| 
|   ;
|   return 0;
| }
configure:19144: result: no
configure:19277: checking for sem_init in -lpthread
configure:19307: g++ -o conftest -g -O2  -L/gpfs/home/wjb19/work/fig2xml/figstuff/src/ocropus-0.4/leptonica-1.68/lib conftest.cc -lpthread   >&5
configure:19313: $? = 0
configure:19317: test -z 
			 || test ! -s conftest.err
configure:19320: $? = 0
configure:19323: test -s conftest
configure:19326: $? = 0
configure:19339: result: yes
configure:19356: checking for ANSI C header files
configure:19512: result: yes
configure:19522: checking whether time.h and sys/time.h may both be included
configure:19547: g++ -c -g -O2  conftest.cc >&5
configure:19553: $? = 0
configure:19557: test -z 
			 || test ! -s conftest.err
configure:19560: $? = 0
configure:19563: test -s conftest.o
configure:19566: $? = 0
configure:19577: result: yes
configure:19587: checking for sys/wait.h that is POSIX.1 compatible
configure:19618: g++ -c -g -O2  conftest.cc >&5
configure:19624: $? = 0
configure:19628: test -z 
			 || test ! -s conftest.err
configure:19631: $? = 0
configure:19634: test -s conftest.o
configure:19637: $? = 0
configure:19648: result: yes
configure:19673: checking sys/ipc.h usability
configure:19685: g++ -c -g -O2  conftest.cc >&5
configure:19691: $? = 0
configure:19695: test -z 
			 || test ! -s conftest.err
configure:19698: $? = 0
configure:19701: test -s conftest.o
configure:19704: $? = 0
configure:19714: result: yes
configure:19718: checking sys/ipc.h presence
configure:19728: g++ -E  conftest.cc
configure:19734: $? = 0
configure:19754: result: yes
configure:19789: checking for sys/ipc.h
configure:19796: result: yes
configure:19673: checking sys/shm.h usability
configure:19685: g++ -c -g -O2  conftest.cc >&5
configure:19691: $? = 0
configure:19695: test -z 
			 || test ! -s conftest.err
configure:19698: $? = 0
configure:19701: test -s conftest.o
configure:19704: $? = 0
configure:19714: result: yes
configure:19718: checking sys/shm.h presence
configure:19728: g++ -E  conftest.cc
configure:19734: $? = 0
configure:19754: result: yes
configure:19789: checking for sys/shm.h
configure:19796: result: yes
configure:19824: checking limits.h usability
configure:19836: g++ -c -g -O2  conftest.cc >&5
configure:19842: $? = 0
configure:19846: test -z 
			 || test ! -s conftest.err
configure:19849: $? = 0
configure:19852: test -s conftest.o
configure:19855: $? = 0
configure:19865: result: yes
configure:19869: checking limits.h presence
configure:19879: g++ -E  conftest.cc
configure:19885: $? = 0
configure:19905: result: yes
configure:19940: checking for limits.h
configure:19947: result: yes
configure:19824: checking malloc.h usability
configure:19836: g++ -c -g -O2  conftest.cc >&5
configure:19842: $? = 0
configure:19846: test -z 
			 || test ! -s conftest.err
configure:19849: $? = 0
configure:19852: test -s conftest.o
configure:19855: $? = 0
configure:19865: result: yes
configure:19869: checking malloc.h presence
configure:19879: g++ -E  conftest.cc
configure:19885: $? = 0
configure:19905: result: yes
configure:19940: checking for malloc.h
configure:19947: result: yes
configure:19974: checking allheaders.h usability
configure:19986: g++ -c -g -O2  conftest.cc >&5
conftest.cc:71:24: fatal error: allheaders.h: No such file or directory
compilation terminated.
configure:19992: $? = 1
configure: failed program was:
| /* confdefs.h.  */
| 
| #define PACKAGE_NAME "tesseract"
| #define PACKAGE_TARNAME "tesseract"
| #define PACKAGE_VERSION "3.02"
| #define PACKAGE_STRING "tesseract 3.02"
| #define PACKAGE_BUGREPORT "http://code.google.com/p/tesseract-ocr/issues/list"
| #define PACKAGE_NAME "tesseract"
| #define PACKAGE_VERSION "3.02"
| #define PACKAGE_YEAR "2012"
| #define PACKAGE_DATE "02/01"
| #ifdef __cplusplus
| extern "C" void exit (int) throw ();
| #endif
| #define STDC_HEADERS 1
| #define HAVE_SYS_TYPES_H 1
| #define HAVE_SYS_STAT_H 1
| #define HAVE_STDLIB_H 1
| #define HAVE_STRING_H 1
| #define HAVE_MEMORY_H 1
| #define HAVE_STRINGS_H 1
| #define HAVE_INTTYPES_H 1
| #define HAVE_STDINT_H 1
| #define HAVE_UNISTD_H 1
| #define HAVE_DLFCN_H 1
| #define PACKAGE "tesseract"
| #define VERSION "3.02"
| #define HAVE_LIBPTHREAD 1
| #define STDC_HEADERS 1
| #define TIME_WITH_SYS_TIME 1
| #define HAVE_SYS_WAIT_H 1
| #define HAVE_SYS_IPC_H 1
| #define HAVE_SYS_SHM_H 1
| #define HAVE_LIMITS_H 1
| #define HAVE_MALLOC_H 1
| /* end confdefs.h.  */
| #include <stdio.h>
| #if HAVE_SYS_TYPES_H
| # include <sys/types.h>
| #endif
| #if HAVE_SYS_STAT_H
| # include <sys/stat.h>
| #endif
| #if STDC_HEADERS
| # include <stdlib.h>
| # include <stddef.h>
| #else
| # if HAVE_STDLIB_H
| #  include <stdlib.h>
| # endif
| #endif
| #if HAVE_STRING_H
| # if !STDC_HEADERS && HAVE_MEMORY_H
| #  include <memory.h>
| # endif
| # include <string.h>
| #endif
| #if HAVE_STRINGS_H
| # include <strings.h>
| #endif
| #if HAVE_INTTYPES_H
| # include <inttypes.h>
| #else
| # if HAVE_STDINT_H
| #  include <stdint.h>
| # endif
| #endif
| #if HAVE_UNISTD_H
| # include <unistd.h>
| #endif
| #include <allheaders.h>
configure:20015: result: no
configure:20019: checking allheaders.h presence
configure:20029: g++ -E  conftest.cc
conftest.cc:37:24: fatal error: allheaders.h: No such file or directory
compilation terminated.
configure:20035: $? = 1
configure: failed program was:
| /* confdefs.h.  */
| 
| #define PACKAGE_NAME "tesseract"
| #define PACKAGE_TARNAME "tesseract"
| #define PACKAGE_VERSION "3.02"
| #define PACKAGE_STRING "tesseract 3.02"
| #define PACKAGE_BUGREPORT "http://code.google.com/p/tesseract-ocr/issues/list"
| #define PACKAGE_NAME "tesseract"
| #define PACKAGE_VERSION "3.02"
| #define PACKAGE_YEAR "2012"
| #define PACKAGE_DATE "02/01"
| #ifdef __cplusplus
| extern "C" void exit (int) throw ();
| #endif
| #define STDC_HEADERS 1
| #define HAVE_SYS_TYPES_H 1
| #define HAVE_SYS_STAT_H 1
| #define HAVE_STDLIB_H 1
| #define HAVE_STRING_H 1
| #define HAVE_MEMORY_H 1
| #define HAVE_STRINGS_H 1
| #define HAVE_INTTYPES_H 1
| #define HAVE_STDINT_H 1
| #define HAVE_UNISTD_H 1
| #define HAVE_DLFCN_H 1
| #define PACKAGE "tesseract"
| #define VERSION "3.02"
| #define HAVE_LIBPTHREAD 1
| #define STDC_HEADERS 1
| #define TIME_WITH_SYS_TIME 1
| #define HAVE_SYS_WAIT_H 1
| #define HAVE_SYS_IPC_H 1
| #define HAVE_SYS_SHM_H 1
| #define HAVE_LIMITS_H 1
| #define HAVE_MALLOC_H 1
| /* end confdefs.h.  */
| #include <allheaders.h>
configure:20055: result: no
configure:20090: checking for allheaders.h
configure:20097: result: no
configure:20111: checking for stdbool.h that conforms to C99
configure:20164: g++ -c -g -O2  conftest.cc >&5
configure:20170: $? = 0
configure:20174: test -z 
			 || test ! -s conftest.err
configure:20177: $? = 0
configure:20180: test -s conftest.o
configure:20183: $? = 0
configure:20194: result: yes
configure:20196: checking for _Bool
configure:20220: g++ -c -g -O2  conftest.cc >&5
conftest.cc: In function 'int main()':
conftest.cc:74:6: error: '_Bool' was not declared in this scope
conftest.cc:74:13: error: expected primary-expression before ')' token
conftest.cc:74:15: error: expected ')' before numeric constant
conftest.cc:76:13: error: '_Bool' was not declared in this scope
configure:20226: $? = 1
configure: failed program was:
| /* confdefs.h.  */
| 
| #define PACKAGE_NAME "tesseract"
| #define PACKAGE_TARNAME "tesseract"
| #define PACKAGE_VERSION "3.02"
| #define PACKAGE_STRING "tesseract 3.02"
| #define PACKAGE_BUGREPORT "http://code.google.com/p/tesseract-ocr/issues/list"
| #define PACKAGE_NAME "tesseract"
| #define PACKAGE_VERSION "3.02"
| #define PACKAGE_YEAR "2012"
| #define PACKAGE_DATE "02/01"
| #ifdef __cplusplus
| extern "C" void exit (int) throw ();
| #endif
| #define STDC_HEADERS 1
| #define HAVE_SYS_TYPES_H 1
| #define HAVE_SYS_STAT_H 1
| #define HAVE_STDLIB_H 1
| #define HAVE_STRING_H 1
| #define HAVE_MEMORY_H 1
| #define HAVE_STRINGS_H 1
| #define HAVE_INTTYPES_H 1
| #define HAVE_STDINT_H 1
| #define HAVE_UNISTD_H 1
| #define HAVE_DLFCN_H 1
| #define PACKAGE "tesseract"
| #define VERSION "3.02"
| #define HAVE_LIBPTHREAD 1
| #define STDC_HEADERS 1
| #define TIME_WITH_SYS_TIME 1
| #define HAVE_SYS_WAIT_H 1
| #define HAVE_SYS_IPC_H 1
| #define HAVE_SYS_SHM_H 1
| #define HAVE_LIMITS_H 1
| #define HAVE_MALLOC_H 1
| /* end confdefs.h.  */
| #include <stdio.h>
| #if HAVE_SYS_TYPES_H
| # include <sys/types.h>
| #endif
| #if HAVE_SYS_STAT_H
| # include <sys/stat.h>
| #endif
| #if STDC_HEADERS
| # include <stdlib.h>
| # include <stddef.h>
| #else
| # if HAVE_STDLIB_H
| #  include <stdlib.h>
| # endif
| #endif
| #if HAVE_STRING_H
| # if !STDC_HEADERS && HAVE_MEMORY_H
| #  include <memory.h>
| # endif
| # include <string.h>
| #endif
| #if HAVE_STRINGS_H
| # include <strings.h>
| #endif
| #if HAVE_INTTYPES_H
| # include <inttypes.h>
| #else
| # if HAVE_STDINT_H
| #  include <stdint.h>
| # endif
| #endif
| #if HAVE_UNISTD_H
| # include <unistd.h>
| #endif
| int
| main ()
| {
| if ((_Bool *) 0)
|   return 0;
| if (sizeof (_Bool))
|   return 0;
|   ;
|   return 0;
| }
configure:20250: result: no
configure:20271: checking whether #! works in shell scripts
configure:20288: result: yes
configure:20299: checking for special C compiler options needed for large files
configure:20398: result: no
configure:20404: checking for _FILE_OFFSET_BITS value needed for large files
configure:20435: g++ -c -g -O2  conftest.cc >&5
configure:20441: $? = 0
configure:20445: test -z 
			 || test ! -s conftest.err
configure:20448: $? = 0
configure:20451: test -s conftest.o
configure:20454: $? = 0
configure:20519: result: no
configure:20529: checking for _LARGE_FILES value needed for large files
configure:20560: g++ -c -g -O2  conftest.cc >&5
configure:20566: $? = 0
configure:20570: test -z 
			 || test ! -s conftest.err
configure:20573: $? = 0
configure:20576: test -s conftest.o
configure:20579: $? = 0
configure:20644: result: no
configure:20662: checking for wchar_t
configure:20686: g++ -c -g -O2  conftest.cc >&5
configure:20692: $? = 0
configure:20696: test -z 
			 || test ! -s conftest.err
configure:20699: $? = 0
configure:20702: test -s conftest.o
configure:20705: $? = 0
configure:20716: result: yes
configure:20727: checking for long long int
configure:20751: g++ -c -g -O2  conftest.cc >&5
configure:20757: $? = 0
configure:20761: test -z 
			 || test ! -s conftest.err
configure:20764: $? = 0
configure:20767: test -s conftest.o
configure:20770: $? = 0
configure:20781: result: yes
configure:20792: checking for mbstate_t
configure:20817: g++ -c -g -O2  conftest.cc >&5
configure:20823: $? = 0
configure:20827: test -z 
			 || test ! -s conftest.err
configure:20830: $? = 0
configure:20833: test -s conftest.o
configure:20836: $? = 0
configure:20847: result: yes
configure:20861: checking for size_t
configure:20885: g++ -c -g -O2  conftest.cc >&5
configure:20891: $? = 0
configure:20895: test -z 
			 || test ! -s conftest.err
configure:20898: $? = 0
configure:20901: test -s conftest.o
configure:20904: $? = 0
configure:20915: result: yes
configure:20940: checking for stdlib.h
configure:20945: result: yes
configure:20940: checking for unistd.h
configure:20945: result: yes
configure:21089: checking for getpagesize
configure:21146: g++ -o conftest -g -O2  -L/gpfs/home/wjb19/work/fig2xml/figstuff/src/ocropus-0.4/leptonica-1.68/lib conftest.cc -lpthread  >&5
configure:21152: $? = 0
configure:21156: test -z 
			 || test ! -s conftest.err
configure:21159: $? = 0
configure:21162: test -s conftest
configure:21165: $? = 0
configure:21177: result: yes
configure:21187: checking for working mmap
configure:21329: g++ -o conftest -g -O2  -L/gpfs/home/wjb19/work/fig2xml/figstuff/src/ocropus-0.4/leptonica-1.68/lib conftest.cc -lpthread  >&5
configure:21332: $? = 0
configure:21334: ./conftest
configure:21337: $? = 0
configure:21351: result: yes
configure:21362: checking for pid_t
configure:21386: g++ -c -g -O2  conftest.cc >&5
configure:21392: $? = 0
configure:21396: test -z 
			 || test ! -s conftest.err
configure:21399: $? = 0
configure:21402: test -s conftest.o
configure:21405: $? = 0
configure:21416: result: yes
configure:21434: checking for unistd.h
configure:21439: result: yes
configure:21443: checking vfork.h usability
configure:21455: g++ -c -g -O2  conftest.cc >&5
conftest.cc:80:19: fatal error: vfork.h: No such file or directory
compilation terminated.
configure:21461: $? = 1
configure: failed program was:
| /* confdefs.h.  */
| 
| #define PACKAGE_NAME "tesseract"
| #define PACKAGE_TARNAME "tesseract"
| #define PACKAGE_VERSION "3.02"
| #define PACKAGE_STRING "tesseract 3.02"
| #define PACKAGE_BUGREPORT "http://code.google.com/p/tesseract-ocr/issues/list"
| #define PACKAGE_NAME "tesseract"
| #define PACKAGE_VERSION "3.02"
| #define PACKAGE_YEAR "2012"
| #define PACKAGE_DATE "02/01"
| #ifdef __cplusplus
| extern "C" void exit (int) throw ();
| #endif
| #define STDC_HEADERS 1
| #define HAVE_SYS_TYPES_H 1
| #define HAVE_SYS_STAT_H 1
| #define HAVE_STDLIB_H 1
| #define HAVE_STRING_H 1
| #define HAVE_MEMORY_H 1
| #define HAVE_STRINGS_H 1
| #define HAVE_INTTYPES_H 1
| #define HAVE_STDINT_H 1
| #define HAVE_UNISTD_H 1
| #define HAVE_DLFCN_H 1
| #define PACKAGE "tesseract"
| #define VERSION "3.02"
| #define HAVE_LIBPTHREAD 1
| #define STDC_HEADERS 1
| #define TIME_WITH_SYS_TIME 1
| #define HAVE_SYS_WAIT_H 1
| #define HAVE_SYS_IPC_H 1
| #define HAVE_SYS_SHM_H 1
| #define HAVE_LIMITS_H 1
| #define HAVE_MALLOC_H 1
| #define HAVE_STDBOOL_H 1
| #define HAVE_WCHAR_T 1
| #define HAVE_LONG_LONG_INT 1
| #define HAVE_MBSTATE_T 1
| #define HAVE_STDLIB_H 1
| #define HAVE_UNISTD_H 1
| #define HAVE_GETPAGESIZE 1
| #define HAVE_MMAP 1
| #define HAVE_UNISTD_H 1
| /* end confdefs.h.  */
| #include <stdio.h>
| #if HAVE_SYS_TYPES_H
| # include <sys/types.h>
| #endif
| #if HAVE_SYS_STAT_H
| # include <sys/stat.h>
| #endif
| #if STDC_HEADERS
| # include <stdlib.h>
| # include <stddef.h>
| #else
| # if HAVE_STDLIB_H
| #  include <stdlib.h>
| # endif
| #endif
| #if HAVE_STRING_H
| # if !STDC_HEADERS && HAVE_MEMORY_H
| #  include <memory.h>
| # endif
| # include <string.h>
| #endif
| #if HAVE_STRINGS_H
| # include <strings.h>
| #endif
| #if HAVE_INTTYPES_H
| # include <inttypes.h>
| #else
| # if HAVE_STDINT_H
| #  include <stdint.h>
| # endif
| #endif
| #if HAVE_UNISTD_H
| # include <unistd.h>
| #endif
| #include <vfork.h>
configure:21484: result: no
configure:21488: checking vfork.h presence
configure:21498: g++ -E  conftest.cc
conftest.cc:46:19: fatal error: vfork.h: No such file or directory
compilation terminated.
configure:21504: $? = 1
configure: failed program was:
| /* confdefs.h.  */
| 
| #define PACKAGE_NAME "tesseract"
| #define PACKAGE_TARNAME "tesseract"
| #define PACKAGE_VERSION "3.02"
| #define PACKAGE_STRING "tesseract 3.02"
| #define PACKAGE_BUGREPORT "http://code.google.com/p/tesseract-ocr/issues/list"
| #define PACKAGE_NAME "tesseract"
| #define PACKAGE_VERSION "3.02"
| #define PACKAGE_YEAR "2012"
| #define PACKAGE_DATE "02/01"
| #ifdef __cplusplus
| extern "C" void exit (int) throw ();
| #endif
| #define STDC_HEADERS 1
| #define HAVE_SYS_TYPES_H 1
| #define HAVE_SYS_STAT_H 1
| #define HAVE_STDLIB_H 1
| #define HAVE_STRING_H 1
| #define HAVE_MEMORY_H 1
| #define HAVE_STRINGS_H 1
| #define HAVE_INTTYPES_H 1
| #define HAVE_STDINT_H 1
| #define HAVE_UNISTD_H 1
| #define HAVE_DLFCN_H 1
| #define PACKAGE "tesseract"
| #define VERSION "3.02"
| #define HAVE_LIBPTHREAD 1
| #define STDC_HEADERS 1
| #define TIME_WITH_SYS_TIME 1
| #define HAVE_SYS_WAIT_H 1
| #define HAVE_SYS_IPC_H 1
| #define HAVE_SYS_SHM_H 1
| #define HAVE_LIMITS_H 1
| #define HAVE_MALLOC_H 1
| #define HAVE_STDBOOL_H 1
| #define HAVE_WCHAR_T 1
| #define HAVE_LONG_LONG_INT 1
| #define HAVE_MBSTATE_T 1
| #define HAVE_STDLIB_H 1
| #define HAVE_UNISTD_H 1
| #define HAVE_GETPAGESIZE 1
| #define HAVE_MMAP 1
| #define HAVE_UNISTD_H 1
| /* end confdefs.h.  */
| #include <vfork.h>
configure:21524: result: no
configure:21559: checking for vfork.h
configure:21566: result: no
configure:21584: checking for fork
configure:21641: g++ -o conftest -g -O2  -L/gpfs/home/wjb19/work/fig2xml/figstuff/src/ocropus-0.4/leptonica-1.68/lib conftest.cc -lpthread  >&5
configure:21647: $? = 0
configure:21651: test -z 
			 || test ! -s conftest.err
configure:21654: $? = 0
configure:21657: test -s conftest
configure:21660: $? = 0
configure:21672: result: yes
configure:21584: checking for vfork
configure:21641: g++ -o conftest -g -O2  -L/gpfs/home/wjb19/work/fig2xml/figstuff/src/ocropus-0.4/leptonica-1.68/lib conftest.cc -lpthread  >&5
configure:21647: $? = 0
configure:21651: test -z 
			 || test ! -s conftest.err
configure:21654: $? = 0
configure:21657: test -s conftest
configure:21660: $? = 0
configure:21672: result: yes
configure:21683: checking for working fork
configure:21706: g++ -o conftest -g -O2  -L/gpfs/home/wjb19/work/fig2xml/figstuff/src/ocropus-0.4/leptonica-1.68/lib conftest.cc -lpthread  >&5
conftest.cc: In function 'int main()':
conftest.cc:9:11: error: 'fork' was not declared in this scope
conftest.cc:10:11: error: 'exit' was not declared in this scope
conftest.cc:11:9: error: 'exit' was not declared in this scope
configure:21709: $? = 1
configure: program exited with status 1
configure: failed program was:
| /* By Ruediger Kuhlmann. */
|       #include <sys/types.h>
|       #if HAVE_UNISTD_H
|       # include <unistd.h>
|       #endif
|       /* Some systems only have a dummy stub for fork() */
|       int main ()
|       {
| 	if (fork() < 0)
| 	  exit (1);
| 	exit (0);
|       }
configure:21728: result: no
configure:21749: checking for working vfork
configure:21882: result: yes
configure:21918: checking for strerror
configure:21975: g++ -o conftest -g -O2  -L/gpfs/home/wjb19/work/fig2xml/figstuff/src/ocropus-0.4/leptonica-1.68/lib conftest.cc -lpthread  >&5
configure:21981: $? = 0
configure:21985: test -z 
			 || test ! -s conftest.err
configure:21988: $? = 0
configure:21991: test -s conftest
configure:21994: $? = 0
configure:22006: result: yes
configure:21918: checking for vsnprintf
configure:21975: g++ -o conftest -g -O2  -L/gpfs/home/wjb19/work/fig2xml/figstuff/src/ocropus-0.4/leptonica-1.68/lib conftest.cc -lpthread  >&5
configure:21981: $? = 0
configure:21985: test -z 
			 || test ! -s conftest.err
configure:21988: $? = 0
configure:21991: test -s conftest
configure:21994: $? = 0
configure:22006: result: yes
configure:22020: checking for gethostname
configure:22077: g++ -o conftest -g -O2  -L/gpfs/home/wjb19/work/fig2xml/figstuff/src/ocropus-0.4/leptonica-1.68/lib conftest.cc -lpthread  >&5
configure:22083: $? = 0
configure:22087: test -z 
			 || test ! -s conftest.err
configure:22090: $? = 0
configure:22093: test -s conftest
configure:22096: $? = 0
configure:22108: result: yes
configure:22123: checking for strchr
configure:22180: g++ -o conftest -g -O2  -L/gpfs/home/wjb19/work/fig2xml/figstuff/src/ocropus-0.4/leptonica-1.68/lib conftest.cc -lpthread  >&5
configure:22186: $? = 0
configure:22190: test -z 
			 || test ! -s conftest.err
configure:22193: $? = 0
configure:22196: test -s conftest
configure:22199: $? = 0
configure:22211: result: yes
configure:22123: checking for memcpy
configure:22180: g++ -o conftest -g -O2  -L/gpfs/home/wjb19/work/fig2xml/figstuff/src/ocropus-0.4/leptonica-1.68/lib conftest.cc -lpthread  >&5
configure:22186: $? = 0
configure:22190: test -z 
			 || test ! -s conftest.err
configure:22193: $? = 0
configure:22196: test -s conftest
configure:22199: $? = 0
configure:22211: result: yes
configure:22226: checking for acos
configure:22283: g++ -o conftest -g -O2  -L/gpfs/home/wjb19/work/fig2xml/figstuff/src/ocropus-0.4/leptonica-1.68/lib conftest.cc -lpthread  >&5
configure:22289: $? = 0
configure:22293: test -z 
			 || test ! -s conftest.err
configure:22296: $? = 0
configure:22299: test -s conftest
configure:22302: $? = 0
configure:22314: result: yes
configure:22226: checking for asin
configure:22283: g++ -o conftest -g -O2  -L/gpfs/home/wjb19/work/fig2xml/figstuff/src/ocropus-0.4/leptonica-1.68/lib conftest.cc -lpthread  >&5
configure:22289: $? = 0
configure:22293: test -z 
			 || test ! -s conftest.err
configure:22296: $? = 0
configure:22299: test -s conftest
configure:22302: $? = 0
configure:22314: result: yes
configure:22330: checking for leptonica
configure:22349: result: yes
configure:22352: checking for pixCreate in -llept
configure:22382: g++ -o conftest -g -O2  -I/gpfs/home/wjb19/work/fig2xml/figstuff/src/ocropus-0.4/leptonica-1.68/include/leptonica/. -L/gpfs/home/wjb19/work/fig2xml/figstuff/src/ocropus-0.4/leptonica-1.68/lib conftest.cc -llept  -lpthread  >&5
configure:22388: $? = 0
configure:22392: test -z 
			 || test ! -s conftest.err
configure:22395: $? = 0
configure:22398: test -s conftest
configure:22401: $? = 0
configure:22414: result: yes
configure:22659: creating ./config.status

## ---------------------- ##
## Running config.status. ##
## ---------------------- ##

This file was extended by tesseract config.status 3.02, which was
generated by GNU Autoconf 2.59.  Invocation command line was

  CONFIG_FILES    = 
  CONFIG_HEADERS  = 
  CONFIG_LINKS    = 
  CONFIG_COMMANDS = 
  $ ./config.status 

on lionxf.rcc.psu.edu

config.status:762: creating Makefile
config.status:762: creating api/Makefile
config.status:762: creating ccmain/Makefile
config.status:762: creating ccstruct/Makefile
config.status:762: creating ccutil/Makefile
config.status:762: creating classify/Makefile
config.status:762: creating cube/Makefile
config.status:762: creating cutil/Makefile
config.status:762: creating dict/Makefile
config.status:762: creating image/Makefile
config.status:762: creating neural_networks/runtime/Makefile
config.status:762: creating textord/Makefile
config.status:762: creating viewer/Makefile
config.status:762: creating wordrec/Makefile
config.status:762: creating training/Makefile
config.status:762: creating tessdata/Makefile
config.status:762: creating tessdata/configs/Makefile
config.status:762: creating tessdata/tessconfigs/Makefile
config.status:762: creating testing/Makefile
config.status:762: creating java/Makefile
config.status:762: creating java/com/Makefile
config.status:762: creating java/com/google/Makefile
config.status:762: creating java/com/google/scrollview/Makefile
config.status:762: creating java/com/google/scrollview/events/Makefile
config.status:762: creating java/com/google/scrollview/ui/Makefile
config.status:762: creating doc/Makefile
config.status:866: creating config_auto.h
config.status:1056: config_auto.h is unchanged
config.status:1236: executing depfiles commands

## ---------------- ##
## Cache variables. ##
## ---------------- ##

ac_cv_build=x86_64-redhat-linux-gnu
ac_cv_build_alias=x86_64-redhat-linux-gnu
ac_cv_c_bigendian=no
ac_cv_c_compiler_gnu=yes
ac_cv_cxx_compiler_gnu=yes
ac_cv_env_CC_set=
ac_cv_env_CC_value=
ac_cv_env_CFLAGS_set=
ac_cv_env_CFLAGS_value=
ac_cv_env_CPPFLAGS_set=
ac_cv_env_CPPFLAGS_value=
ac_cv_env_CPP_set=
ac_cv_env_CPP_value=
ac_cv_env_CXXCPP_set=
ac_cv_env_CXXCPP_value=
ac_cv_env_CXXFLAGS_set=
ac_cv_env_CXXFLAGS_value=
ac_cv_env_CXX_set=
ac_cv_env_CXX_value=
ac_cv_env_F77_set=
ac_cv_env_F77_value=
ac_cv_env_FFLAGS_set=
ac_cv_env_FFLAGS_value=
ac_cv_env_LDFLAGS_set=set
ac_cv_env_LDFLAGS_value=-L/gpfs/home/wjb19/work/fig2xml/figstuff/src/ocropus-0.4/leptonica-1.68/lib
ac_cv_env_LIBLEPT_HEADERSDIR_set=set
ac_cv_env_LIBLEPT_HEADERSDIR_value=/gpfs/home/wjb19/work/fig2xml/figstuff/src/ocropus-0.4/leptonica-1.68/include/leptonica
ac_cv_env_build_alias_set=
ac_cv_env_build_alias_value=
ac_cv_env_host_alias_set=
ac_cv_env_host_alias_value=
ac_cv_env_target_alias_set=
ac_cv_env_target_alias_value=
ac_cv_exeext=
ac_cv_f77_compiler_gnu=yes
ac_cv_func_acos=yes
ac_cv_func_asin=yes
ac_cv_func_fork=yes
ac_cv_func_fork_works=no
ac_cv_func_gethostname=yes
ac_cv_func_getpagesize=yes
ac_cv_func_memcpy=yes
ac_cv_func_mmap_fixed_mapped=yes
ac_cv_func_strchr=yes
ac_cv_func_strerror=yes
ac_cv_func_vfork=yes
ac_cv_func_vfork_works=yes
ac_cv_func_vsnprintf=yes
ac_cv_header_allheaders_h=no
ac_cv_header_dlfcn_h=yes
ac_cv_header_inttypes_h=yes
ac_cv_header_limits_h=yes
ac_cv_header_malloc_h=yes
ac_cv_header_memory_h=yes
ac_cv_header_stdbool_h=yes
ac_cv_header_stdc=yes
ac_cv_header_stdint_h=yes
ac_cv_header_stdlib_h=yes
ac_cv_header_string_h=yes
ac_cv_header_strings_h=yes
ac_cv_header_sys_ipc_h=yes
ac_cv_header_sys_shm_h=yes
ac_cv_header_sys_stat_h=yes
ac_cv_header_sys_types_h=yes
ac_cv_header_sys_wait_h=yes
ac_cv_header_time=yes
ac_cv_header_unistd_h=yes
ac_cv_header_vfork_h=no
ac_cv_host=x86_64-redhat-linux-gnu
ac_cv_host_alias=x86_64-redhat-linux-gnu
ac_cv_lib_lept_pixCreate=yes
ac_cv_lib_pthread_sem_init=yes
ac_cv_objext=o
ac_cv_path_install='/usr/bin/install -c'
ac_cv_prog_AWK=gawk
ac_cv_prog_CPP='gcc -E'
ac_cv_prog_CXXCPP='g++ -E'
ac_cv_prog_ac_ct_AR=ar
ac_cv_prog_ac_ct_CC=gcc
ac_cv_prog_ac_ct_CXX=g++
ac_cv_prog_ac_ct_F77=g77
ac_cv_prog_ac_ct_RANLIB=ranlib
ac_cv_prog_ac_ct_STRIP=strip
ac_cv_prog_cc_g=yes
ac_cv_prog_cc_stdc=
ac_cv_prog_cxx_g=yes
ac_cv_prog_egrep='grep -E'
ac_cv_prog_f77_g=yes
ac_cv_prog_make_make_set=yes
ac_cv_sys_file_offset_bits=no
ac_cv_sys_interpreter=yes
ac_cv_sys_large_files=no
ac_cv_sys_largefile_CC=no
ac_cv_type__Bool=no
ac_cv_type_long_long_int=yes
ac_cv_type_mbstate_t=yes
ac_cv_type_pid_t=yes
ac_cv_type_size_t=yes
ac_cv_type_wchar_t=yes
am_cv_CC_dependencies_compiler_type=gcc3
am_cv_CXX_dependencies_compiler_type=gcc3
lt_cv_deplibs_check_method=pass_all
lt_cv_file_magic_cmd='$MAGIC_CMD'
lt_cv_file_magic_test_file=
lt_cv_ld_reload_flag=-r
lt_cv_objdir=.libs
lt_cv_path_LD=/usr/bin/ld
lt_cv_path_LDCXX='/usr/bin/ld -m elf_x86_64'
lt_cv_path_NM='/usr/bin/nm -B'
lt_cv_path_SED=/bin/sed
lt_cv_prog_compiler_c_o=yes
lt_cv_prog_compiler_c_o_CXX=yes
lt_cv_prog_compiler_c_o_F77=yes
lt_cv_prog_compiler_rtti_exceptions=no
lt_cv_prog_gnu_ld=yes
lt_cv_prog_gnu_ldcxx=yes
lt_cv_sys_global_symbol_pipe='sed -n -e '\''s/^.*[ 	]\([ABCDGIRSTW][ABCDGIRSTW]*\)[ 	][ 	]*\([_A-Za-z][_A-Za-z0-9]*\)$/\1 \2 \2/p'\'''
lt_cv_sys_global_symbol_to_c_name_address='sed -n -e '\''s/^: \([^ ]*\) $/  {\"\1\", (lt_ptr) 0},/p'\'' -e '\''s/^[BCDEGRST] \([^ ]*\) \([^ ]*\)$/  {"\2", (lt_ptr) \&\2},/p'\'''
lt_cv_sys_global_symbol_to_cdecl='sed -n -e '\''s/^. .* \(.*\)$/extern int \1;/p'\'''
lt_cv_sys_max_cmd_len=32768
lt_lt_cv_prog_compiler_c_o='"yes"'
lt_lt_cv_prog_compiler_c_o_CXX='"yes"'
lt_lt_cv_prog_compiler_c_o_F77='"yes"'
lt_lt_cv_sys_global_symbol_pipe='"sed -n -e '\''s/^.*[ 	]\\([ABCDGIRSTW][ABCDGIRSTW]*\\)[ 	][ 	]*\\([_A-Za-z][_A-Za-z0-9]*\\)\$/\\1 \\2 \\2/p'\''"'
lt_lt_cv_sys_global_symbol_to_c_name_address='"sed -n -e '\''s/^: \\([^ ]*\\) \$/  {\\\"\\1\\\", (lt_ptr) 0},/p'\'' -e '\''s/^[BCDEGRST] \\([^ ]*\\) \\([^ ]*\\)\$/  {\"\\2\", (lt_ptr) \\&\\2},/p'\''"'
lt_lt_cv_sys_global_symbol_to_cdecl='"sed -n -e '\''s/^. .* \\(.*\\)\$/extern int \\1;/p'\''"'

## ----------------- ##
## Output variables. ##
## ----------------- ##

ACLOCAL='${SHELL} /gpfs/home/wjb19/work/fig2xml/figstuff/src/ocropus-0.4/tesseract-ocr/config/missing --run aclocal-1.9'
AMDEPBACKSLASH='\'
AMDEP_FALSE='#'
AMDEP_TRUE=''
AMTAR='${SHELL} /gpfs/home/wjb19/work/fig2xml/figstuff/src/ocropus-0.4/tesseract-ocr/config/missing --run tar'
AM_CPPFLAGS=''
AM_CXXFLAGS=''
AR='ar'
AUTOCONF='${SHELL} /gpfs/home/wjb19/work/fig2xml/figstuff/src/ocropus-0.4/tesseract-ocr/config/missing --run autoconf'
AUTOHEADER='${SHELL} /gpfs/home/wjb19/work/fig2xml/figstuff/src/ocropus-0.4/tesseract-ocr/config/missing --run autoheader'
AUTOMAKE='${SHELL} /gpfs/home/wjb19/work/fig2xml/figstuff/src/ocropus-0.4/tesseract-ocr/config/missing --run automake-1.9'
AWK='gawk'
CC='gcc'
CCDEPMODE='depmode=gcc3'
CFLAGS='-g -O2'
CPP='gcc -E'
CPPFLAGS=' -I/gpfs/home/wjb19/work/fig2xml/figstuff/src/ocropus-0.4/leptonica-1.68/include/leptonica/.'
CXX='g++'
CXXCPP='g++ -E'
CXXDEPMODE='depmode=gcc3'
CXXFLAGS='-g -O2'
CYGPATH_W='echo'
DEFS='-DHAVE_CONFIG_H'
DEPDIR='.deps'
ECHO='echo'
ECHO_C=''
ECHO_N='-n'
ECHO_T=''
EGREP='grep -E'
EMBEDDED_FALSE=''
EMBEDDED_TRUE='#'
EXEEXT=''
F77='g77'
FFLAGS='-g -O2'
GENERIC_API_VERSION='3.2'
GENERIC_LIBRARY_NAME='tesseract'
GENERIC_LIBRARY_VERSION='3:2'
GENERIC_MAJOR_VERSION='3'
GENERIC_RELEASE='3.2'
GENERIC_VERSION='3.2.0'
INSTALL_DATA='${INSTALL} -m 644'
INSTALL_PROGRAM='${INSTALL}'
INSTALL_SCRIPT='${INSTALL}'
INSTALL_STRIP_PROGRAM='${SHELL} $(install_sh) -c -s'
LDFLAGS='-L/gpfs/home/wjb19/work/fig2xml/figstuff/src/ocropus-0.4/leptonica-1.68/lib'
LIBLEPT_HEADERSDIR='/gpfs/home/wjb19/work/fig2xml/figstuff/src/ocropus-0.4/leptonica-1.68/include/leptonica'
LIBOBJS=''
LIBS='-llept -lpthread '
LIBTOOL='$(SHELL) $(top_builddir)/libtool'
LN_S='ln -s'
LTLIBOBJS=''
MAINT='#'
MAINTAINER_MODE_FALSE=''
MAINTAINER_MODE_TRUE='#'
MAKEINFO='${SHELL} /gpfs/home/wjb19/work/fig2xml/figstuff/src/ocropus-0.4/tesseract-ocr/config/missing --run makeinfo'
OBJEXT='o'
PACKAGE='tesseract'
PACKAGE_BUGREPORT='http://code.google.com/p/tesseract-ocr/issues/list'
PACKAGE_DATE='02/01'
PACKAGE_NAME='tesseract'
PACKAGE_STRING='tesseract 3.02'
PACKAGE_TARNAME='tesseract'
PACKAGE_VERSION='3.02'
PACKAGE_YEAR='2012'
PATH_SEPARATOR=':'
RANLIB='ranlib'
SED='/bin/sed'
SET_MAKE=''
SHELL='/bin/sh'
STRIP='strip'
USING_CL_FALSE=''
USING_CL_TRUE='#'
USING_MULTIPLELIBS_FALSE=''
USING_MULTIPLELIBS_TRUE='#'
VERSION='3.02'
VISIBILITY_FALSE=''
VISIBILITY_TRUE='#'
ac_ct_AR='ar'
ac_ct_CC='gcc'
ac_ct_CXX='g++'
ac_ct_F77='g77'
ac_ct_RANLIB='ranlib'
ac_ct_STRIP='strip'
am__fastdepCC_FALSE='#'
am__fastdepCC_TRUE=''
am__fastdepCXX_FALSE='#'
am__fastdepCXX_TRUE=''
am__include='include'
am__leading_dot='.'
am__quote=''
am__tar='${AMTAR} chof - "$$tardir"'
am__untar='${AMTAR} xf -'
bindir='${exec_prefix}/bin'
build='x86_64-redhat-linux-gnu'
build_alias=''
build_cpu='x86_64'
build_os='linux-gnu'
build_vendor='redhat'
datadir='${prefix}/share'
exec_prefix='${prefix}'
host='x86_64-redhat-linux-gnu'
host_alias=''
host_cpu='x86_64'
host_os='linux-gnu'
host_vendor='redhat'
includedir='${prefix}/include/tesseract'
infodir='${prefix}/info'
install_sh='/gpfs/home/wjb19/work/fig2xml/figstuff/src/ocropus-0.4/tesseract-ocr/config/install-sh'
libdir='${exec_prefix}/lib'
libexecdir='${exec_prefix}/libexec'
localstatedir='${prefix}/var'
mandir='${prefix}/man'
mkdir_p='mkdir -p --'
oldincludedir='/usr/include'
prefix='/gpfs/home/wjb19/work/fig2xml/figstuff/src/ocropus-0.4/tesseract-ocr'
program_transform_name='s,x,x,'
sbindir='${exec_prefix}/sbin'
sharedstatedir='${prefix}/com'
sysconfdir='${prefix}/etc'
target_alias=''

## ----------- ##
## confdefs.h. ##
## ----------- ##

#define HAVE_ACOS 1
#define HAVE_ASIN 1
#define HAVE_DLFCN_H 1
#define HAVE_FORK 1
#define HAVE_GETHOSTNAME 1
#define HAVE_GETPAGESIZE 1
#define HAVE_INTTYPES_H 1
#define HAVE_LIBLEPT 1
#define HAVE_LIBPTHREAD 1
#define HAVE_LIMITS_H 1
#define HAVE_LONG_LONG_INT 1
#define HAVE_MALLOC_H 1
#define HAVE_MBSTATE_T 1
#define HAVE_MEMCPY 1
#define HAVE_MEMORY_H 1
#define HAVE_MMAP 1
#define HAVE_STDBOOL_H 1
#define HAVE_STDINT_H 1
#define HAVE_STDLIB_H 1
#define HAVE_STDLIB_H 1
#define HAVE_STRCHR 1
#define HAVE_STRERROR 1
#define HAVE_STRINGS_H 1
#define HAVE_STRING_H 1
#define HAVE_SYS_IPC_H 1
#define HAVE_SYS_SHM_H 1
#define HAVE_SYS_STAT_H 1
#define HAVE_SYS_TYPES_H 1
#define HAVE_SYS_WAIT_H 1
#define HAVE_UNISTD_H 1
#define HAVE_UNISTD_H 1
#define HAVE_UNISTD_H 1
#define HAVE_VFORK 1
#define HAVE_VSNPRINTF 1
#define HAVE_WCHAR_T 1
#define HAVE_WORKING_VFORK 1
#define PACKAGE "tesseract"
#define PACKAGE_BUGREPORT "http://code.google.com/p/tesseract-ocr/issues/list"
#define PACKAGE_DATE "02/01"
#define PACKAGE_NAME "tesseract"
#define PACKAGE_NAME "tesseract"
#define PACKAGE_STRING "tesseract 3.02"
#define PACKAGE_TARNAME "tesseract"
#define PACKAGE_VERSION "3.02"
#define PACKAGE_VERSION "3.02"
#define PACKAGE_YEAR "2012"
#define STDC_HEADERS 1
#define STDC_HEADERS 1
#define TIME_WITH_SYS_TIME 1
#define VERSION "3.02"
#endif
#ifdef __cplusplus
extern "C" void exit (int) throw ();

configure: exit 0
